<?xml version="1.0" encoding="UTF-8"?>
<!-- Generated by org.testng.reporters.JUnitReportReporter -->
<testsuite hostname="W-PC0FMQC9" failures="0" tests="1" name="test.Mikado.NewListingCheck" time="48.580" errors="0" timestamp="2021-04-15T18:03:45 IST" skipped="0">
  <testcase classname="test.Mikado.NewListingCheck" name="checkNewAgentList" time="48.580"/>
  <system-out/>
</testsuite> <!-- test.Mikado.NewListingCheck -->
