<?xml version="1.0" encoding="UTF-8"?>
<!-- Generated by org.testng.reporters.JUnitReportReporter -->
<testsuite hostname="W-PC0FMQC9" failures="0" tests="1" name="test.Mikado.UpdateNewListing" time="429.692" errors="0" timestamp="01 May 2021 16:09:43 GMT" skipped="0">
  <testcase classname="test.Mikado.UpdateNewListing" name="updateNewListing" time="429.692"/>
</testsuite> <!-- test.Mikado.UpdateNewListing -->
