<?xml version="1.0" encoding="UTF-8"?>
<!-- Generated by org.testng.reporters.JUnitReportReporter -->
<testsuite hostname="W-PC0FMQC9" failures="0" tests="1" name="test.Mikado.NewListingCheck" time="36.277" errors="0" timestamp="01 May 2021 15:52:02 GMT" skipped="0">
  <testcase classname="test.Mikado.NewListingCheck" name="checkNewAgentList" time="36.277"/>
</testsuite> <!-- test.Mikado.NewListingCheck -->
