<?xml version="1.0" encoding="UTF-8"?>
<!-- Generated by org.testng.reporters.JUnitReportReporter -->
<testsuite hostname="W-PC0FMQC9" failures="0" tests="1" name="test.Mikado.CheckActiveListingInfo" time="376.126" errors="0" timestamp="01 May 2021 16:00:20 GMT" skipped="0">
  <testcase classname="test.Mikado.CheckActiveListingInfo" name="checkNewAgentList" time="376.126"/>
</testsuite> <!-- test.Mikado.CheckActiveListingInfo -->
